01-23 23:59:43 com_github_MitjaNemec_ReplicateLayout.action_replicate_layout 392:Plugin executed on: 'linux'
01-23 23:59:43 com_github_MitjaNemec_ReplicateLayout.action_replicate_layout 393:Plugin executed with python version: '3.12.8 (main, Nov 10 2011, 15:00:00) [GCC 14.2.0]'
01-23 23:59:43 com_github_MitjaNemec_ReplicateLayout.action_replicate_layout 394:KiCad build version: 8.0.8
01-23 23:59:43 com_github_MitjaNemec_ReplicateLayout.action_replicate_layout 395:Plugin version: 3.0.3
01-23 23:59:43 com_github_MitjaNemec_ReplicateLayout.action_replicate_layout 396:Frame repr: <wx._core.Frame object at 0x77af2d1828d0>
01-23 23:59:43 com_github_MitjaNemec_ReplicateLayout.action_replicate_layout 420:Preparing replicator with C11 as a reference
01-23 23:59:43 com_github_MitjaNemec_ReplicateLayout.replicate_layout 117:getting a list of all footprints on board
01-23 23:59:43 com_github_MitjaNemec_ReplicateLayout.action_replicate_layout 468:source anchor footprint is 'C11'
Located on: ['Half-Bridge U']
With filenames: ['Phase.kicad_sch']
With sheet_id:['Half-Bridge U']
01-23 23:59:43 com_github_MitjaNemec_ReplicateLayout.action_replicate_layout 475:Corresponding footprints are 
[('C19', ['Half-Bridge W']), ('C15', ['Half-Bridge V']), ('C11', ['Half-Bridge U'])]
01-23 23:59:43 com_github_MitjaNemec_ReplicateLayout.action_replicate_layout 487:Showing dialog
01-23 23:59:43 com_github_MitjaNemec_ReplicateLayout.replicate_layout 472:constructing a list of sheets suitable for replication on level:'Half-Bridge U', file:'Phase.kicad_sch'
01-23 23:59:43 com_github_MitjaNemec_ReplicateLayout.replicate_layout 509:suitable sheets are:[['Half-Bridge V'], ['Half-Bridge W']]
01-23 23:59:43 com_github_MitjaNemec_ReplicateLayout.replicate_layout 1507:Level selected: ['Half-Bridge U']
01-23 23:59:43 com_github_MitjaNemec_ReplicateLayout.replicate_layout 1331:Filtering list of tracks
01-23 23:59:43 com_github_MitjaNemec_ReplicateLayout.action_replicate_layout 493:Toolbar position: wx.Point(1246, 123)
01-23 23:59:43 com_github_MitjaNemec_ReplicateLayout.action_replicate_layout 498:Dialog position: wx.Point(807, 123)
01-23 23:59:45 com_github_MitjaNemec_ReplicateLayout.replicate_layout 472:constructing a list of sheets suitable for replication on level:'Half-Bridge U', file:'Phase.kicad_sch'
01-23 23:59:45 com_github_MitjaNemec_ReplicateLayout.replicate_layout 509:suitable sheets are:[['Half-Bridge V'], ['Half-Bridge W']]
01-23 23:59:45 com_github_MitjaNemec_ReplicateLayout.action_replicate_layout 240:Replicating layout
01-23 23:59:45 com_github_MitjaNemec_ReplicateLayout.replicate_layout 288:Starting replication of sheets: [['Half-Bridge V'], ['Half-Bridge W']]
on level: ['Half-Bridge U']
with tracks=True, zone=True, text=True, text=True, intersecting=False, remove=False, locked footprints=False, group_only=False
01-23 23:59:45 root 332:updating GUI message: 'Preparing for replication'
01-23 23:59:45 com_github_MitjaNemec_ReplicateLayout.replicate_layout 358:Getting the list of source footprints
01-23 23:59:45 root 337:updating GUI with: 0
01-23 23:59:45 com_github_MitjaNemec_ReplicateLayout.replicate_layout 368:Getting the list of all the remaining footprints
01-23 23:59:45 com_github_MitjaNemec_ReplicateLayout.replicate_layout 375:Getting source tracks
01-23 23:59:45 com_github_MitjaNemec_ReplicateLayout.replicate_layout 1331:Filtering list of tracks
01-23 23:59:45 com_github_MitjaNemec_ReplicateLayout.replicate_layout 379:Getting source zones
01-23 23:59:45 com_github_MitjaNemec_ReplicateLayout.replicate_layout 383:Getting source text items
01-23 23:59:45 com_github_MitjaNemec_ReplicateLayout.replicate_layout 387:Getting source drawing items
01-23 23:59:45 root 332:updating GUI message: 'Replicating footprints'
01-23 23:59:45 com_github_MitjaNemec_ReplicateLayout.replicate_layout 861:Replicating footprints
01-23 23:59:45 com_github_MitjaNemec_ReplicateLayout.replicate_layout 868:Replicating footprints on sheet ['Half-Bridge V']
01-23 23:59:45 com_github_MitjaNemec_ReplicateLayout.replicate_layout 985:Src text UUid:cb605882-8169-4482-829c-7ab1fa3443f6
01-23 23:59:45 com_github_MitjaNemec_ReplicateLayout.replicate_layout 986:Dst text UUid:7bad5184-a099-4f75-9409-8d7839d9af18
01-23 23:59:45 com_github_MitjaNemec_ReplicateLayout.replicate_layout 985:Src text UUid:e2fd1763-a19b-43be-8803-c70a98666668
01-23 23:59:45 com_github_MitjaNemec_ReplicateLayout.replicate_layout 986:Dst text UUid:40ff250b-11a7-4ad3-9a26-8aee3b421e89
01-23 23:59:45 com_github_MitjaNemec_ReplicateLayout.replicate_layout 985:Src text UUid:a895f512-8ae5-48b1-a4a1-1829f280eca5
01-23 23:59:45 com_github_MitjaNemec_ReplicateLayout.replicate_layout 986:Dst text UUid:b32889ac-68a7-42b9-8831-5b40c96820e4
01-23 23:59:45 com_github_MitjaNemec_ReplicateLayout.replicate_layout 985:Src text UUid:778b429f-0b1d-401e-889c-4b5bfddee6b9
01-23 23:59:45 com_github_MitjaNemec_ReplicateLayout.replicate_layout 986:Dst text UUid:ebcea39e-1185-4058-bf11-567b3988e8dc
01-23 23:59:45 com_github_MitjaNemec_ReplicateLayout.replicate_layout 985:Src text UUid:37363ebe-f26c-42a7-ad75-737b9e5611f5
01-23 23:59:45 com_github_MitjaNemec_ReplicateLayout.replicate_layout 986:Dst text UUid:608ba3f1-76f3-4fe7-8280-4b03b24949d0
01-23 23:59:45 com_github_MitjaNemec_ReplicateLayout.replicate_layout 985:Src text UUid:91b8ea7e-7bbe-4c9b-91f9-54370e3f6c47
01-23 23:59:45 com_github_MitjaNemec_ReplicateLayout.replicate_layout 986:Dst text UUid:3c5333db-8ccf-4093-a4bc-8d585d9b8f2a
01-23 23:59:45 com_github_MitjaNemec_ReplicateLayout.replicate_layout 985:Src text UUid:3058d57a-10b0-454c-a5a1-b5d323eed2c4
01-23 23:59:45 com_github_MitjaNemec_ReplicateLayout.replicate_layout 986:Dst text UUid:4cf4a918-3d66-4ba9-b652-5b1aaa3d7319
01-23 23:59:45 com_github_MitjaNemec_ReplicateLayout.replicate_layout 985:Src text UUid:e6ccc6fc-241f-49f7-98c0-b41ffb9e9a6d
01-23 23:59:45 com_github_MitjaNemec_ReplicateLayout.replicate_layout 986:Dst text UUid:c0ebfe5c-417e-4817-8531-c15deca498fd
01-23 23:59:45 com_github_MitjaNemec_ReplicateLayout.replicate_layout 985:Src text UUid:b55e8e4a-ebac-40ed-9b02-9f91abea1a17
01-23 23:59:45 com_github_MitjaNemec_ReplicateLayout.replicate_layout 986:Dst text UUid:0e73819e-c273-42ae-bc05-c5ec3554fca6
01-23 23:59:45 com_github_MitjaNemec_ReplicateLayout.replicate_layout 985:Src text UUid:b35b792d-5f22-473e-b1b9-1561370e5ac6
01-23 23:59:45 com_github_MitjaNemec_ReplicateLayout.replicate_layout 986:Dst text UUid:b4aef55b-2a38-4f51-bd06-675e8deeef47
01-23 23:59:45 com_github_MitjaNemec_ReplicateLayout.replicate_layout 985:Src text UUid:d7c58d91-cc05-4bd2-b11a-4fcaf401f97f
01-23 23:59:45 com_github_MitjaNemec_ReplicateLayout.replicate_layout 986:Dst text UUid:88ca6854-b74a-45c9-a2a3-cdfe651a826a
01-23 23:59:45 com_github_MitjaNemec_ReplicateLayout.replicate_layout 985:Src text UUid:3f8b82c6-ae2f-4e50-9606-579be381ba5a
01-23 23:59:45 com_github_MitjaNemec_ReplicateLayout.replicate_layout 986:Dst text UUid:d7a2db06-5202-40da-b4e7-19474bf1cde5
01-23 23:59:45 com_github_MitjaNemec_ReplicateLayout.replicate_layout 985:Src text UUid:f51d1552-1d78-4ec5-b457-465260f661df
01-23 23:59:45 com_github_MitjaNemec_ReplicateLayout.replicate_layout 986:Dst text UUid:7ea7b1d8-93ee-46bb-b882-8eb0afaceb12
01-23 23:59:45 com_github_MitjaNemec_ReplicateLayout.replicate_layout 985:Src text UUid:a411e638-6327-4b5f-a0e2-fbd229ee3bb6
01-23 23:59:45 com_github_MitjaNemec_ReplicateLayout.replicate_layout 986:Dst text UUid:fd25505e-9a57-413b-be9d-82027ae1f8d0
01-23 23:59:45 com_github_MitjaNemec_ReplicateLayout.replicate_layout 985:Src text UUid:5d94983c-5ffb-4d4f-b2a9-7a7cc8d66d0f
01-23 23:59:45 com_github_MitjaNemec_ReplicateLayout.replicate_layout 986:Dst text UUid:dd70692e-8953-4a27-bc1f-112f63080d9b
01-23 23:59:45 com_github_MitjaNemec_ReplicateLayout.replicate_layout 985:Src text UUid:13f4e66f-3f8b-4786-8ad0-5b258adce5c2
01-23 23:59:45 com_github_MitjaNemec_ReplicateLayout.replicate_layout 986:Dst text UUid:f94c319a-f6cb-4906-9c8b-df508169bff3
01-23 23:59:45 com_github_MitjaNemec_ReplicateLayout.replicate_layout 985:Src text UUid:4784595e-cd2d-4e4d-b286-386af936bc1b
01-23 23:59:45 com_github_MitjaNemec_ReplicateLayout.replicate_layout 986:Dst text UUid:2fb9eb17-31c7-4c73-abe4-68e7e37bc759
01-23 23:59:45 com_github_MitjaNemec_ReplicateLayout.replicate_layout 985:Src text UUid:d8ed3791-cbb6-4955-99fd-8708f0f4eb92
01-23 23:59:45 com_github_MitjaNemec_ReplicateLayout.replicate_layout 986:Dst text UUid:af0566d1-bee7-4251-8846-57946d781b71
01-23 23:59:45 com_github_MitjaNemec_ReplicateLayout.replicate_layout 985:Src text UUid:f95b38ff-a112-4b49-b770-41dbefefa9fe
01-23 23:59:45 com_github_MitjaNemec_ReplicateLayout.replicate_layout 986:Dst text UUid:4b55157a-785b-4b47-becc-419d3224bb26
01-23 23:59:45 com_github_MitjaNemec_ReplicateLayout.replicate_layout 985:Src text UUid:43c37c19-6391-4b9a-a6d8-f0ec4148f8fd
01-23 23:59:45 com_github_MitjaNemec_ReplicateLayout.replicate_layout 986:Dst text UUid:41b80ef8-efb8-414e-a369-088cdb6b7e53
01-23 23:59:45 com_github_MitjaNemec_ReplicateLayout.replicate_layout 985:Src text UUid:d37705d5-f6ba-48b5-a626-9c94a792b06b
01-23 23:59:45 com_github_MitjaNemec_ReplicateLayout.replicate_layout 986:Dst text UUid:73261754-1715-438c-9d29-e5eef5453634
01-23 23:59:45 com_github_MitjaNemec_ReplicateLayout.replicate_layout 985:Src text UUid:4fa4592b-c872-4fba-b0f0-3100b4e9b746
01-23 23:59:45 com_github_MitjaNemec_ReplicateLayout.replicate_layout 986:Dst text UUid:ff095470-90cd-4f63-bf8f-3c048553b28b
01-23 23:59:45 com_github_MitjaNemec_ReplicateLayout.replicate_layout 985:Src text UUid:bc7e487c-e1b8-4e69-b8d3-1da6e87c376e
01-23 23:59:45 com_github_MitjaNemec_ReplicateLayout.replicate_layout 986:Dst text UUid:a174961b-67a1-49dd-beb4-2b07011662f9
01-23 23:59:45 com_github_MitjaNemec_ReplicateLayout.replicate_layout 985:Src text UUid:442e73a3-8f8d-434f-b104-7b18eea73b10
01-23 23:59:45 com_github_MitjaNemec_ReplicateLayout.replicate_layout 986:Dst text UUid:9fe41cf8-4469-464b-80de-5bf92b12040d
01-23 23:59:45 com_github_MitjaNemec_ReplicateLayout.replicate_layout 985:Src text UUid:b46519e9-628a-46fd-ac2f-de0e7f78cdba
01-23 23:59:45 com_github_MitjaNemec_ReplicateLayout.replicate_layout 986:Dst text UUid:466bc7ef-8a12-4794-86d3-b42a1b6563e5
01-23 23:59:45 com_github_MitjaNemec_ReplicateLayout.replicate_layout 985:Src text UUid:5a90394d-a204-43b0-bf32-9661755ea8e1
01-23 23:59:45 com_github_MitjaNemec_ReplicateLayout.replicate_layout 986:Dst text UUid:55613701-94c3-4516-9500-dc48f8f36b00
01-23 23:59:45 com_github_MitjaNemec_ReplicateLayout.replicate_layout 985:Src text UUid:5017ec28-493d-40d3-b42e-4b12f48a9f0e
01-23 23:59:45 com_github_MitjaNemec_ReplicateLayout.replicate_layout 986:Dst text UUid:b0f866cb-6d06-4535-93d4-4020af2383fb
01-23 23:59:45 com_github_MitjaNemec_ReplicateLayout.replicate_layout 985:Src text UUid:cfd82f6f-8aad-4f74-847e-efac806a1aa1
01-23 23:59:45 com_github_MitjaNemec_ReplicateLayout.replicate_layout 986:Dst text UUid:5833bbe3-78af-4c2c-b855-7ac4c6be6e0d
01-23 23:59:45 com_github_MitjaNemec_ReplicateLayout.replicate_layout 985:Src text UUid:66c74398-378a-4f19-b1e5-342a9a6e8ebc
01-23 23:59:45 com_github_MitjaNemec_ReplicateLayout.replicate_layout 986:Dst text UUid:606b1bb1-9b91-4b7c-afc0-2db96f1086c7
01-23 23:59:45 com_github_MitjaNemec_ReplicateLayout.replicate_layout 985:Src text UUid:2fc17bb9-8361-4e32-aad6-b2e988b03e64
01-23 23:59:45 com_github_MitjaNemec_ReplicateLayout.replicate_layout 986:Dst text UUid:f5151335-e000-4014-b5b5-d603166a6595
01-23 23:59:45 com_github_MitjaNemec_ReplicateLayout.replicate_layout 985:Src text UUid:e9b09cf0-c9fe-4a71-9e91-f289d5e7e997
01-23 23:59:45 com_github_MitjaNemec_ReplicateLayout.replicate_layout 986:Dst text UUid:450f26b0-428d-4348-83b8-334c7b7e7e08
01-23 23:59:45 com_github_MitjaNemec_ReplicateLayout.replicate_layout 985:Src text UUid:06e1103e-6652-4335-bb06-e66fcadd0462
01-23 23:59:45 com_github_MitjaNemec_ReplicateLayout.replicate_layout 986:Dst text UUid:98b6426e-7fbf-430c-a081-06be427ab939
01-23 23:59:45 com_github_MitjaNemec_ReplicateLayout.replicate_layout 985:Src text UUid:aa18d005-a18f-4755-85d1-38f44a767518
01-23 23:59:45 com_github_MitjaNemec_ReplicateLayout.replicate_layout 986:Dst text UUid:bc2b10a5-343b-408f-96c1-b8a054c8b507
01-23 23:59:45 com_github_MitjaNemec_ReplicateLayout.replicate_layout 868:Replicating footprints on sheet ['Half-Bridge W']
01-23 23:59:45 com_github_MitjaNemec_ReplicateLayout.replicate_layout 985:Src text UUid:cb605882-8169-4482-829c-7ab1fa3443f6
01-23 23:59:45 com_github_MitjaNemec_ReplicateLayout.replicate_layout 986:Dst text UUid:4f9c0aeb-2d3d-4d3c-bfdd-f1c7f216653d
01-23 23:59:45 com_github_MitjaNemec_ReplicateLayout.replicate_layout 985:Src text UUid:e2fd1763-a19b-43be-8803-c70a98666668
01-23 23:59:45 com_github_MitjaNemec_ReplicateLayout.replicate_layout 986:Dst text UUid:44881e8e-5ff1-4fe1-a603-c2b120d668ca
01-23 23:59:45 com_github_MitjaNemec_ReplicateLayout.replicate_layout 985:Src text UUid:a895f512-8ae5-48b1-a4a1-1829f280eca5
01-23 23:59:45 com_github_MitjaNemec_ReplicateLayout.replicate_layout 986:Dst text UUid:9f9ca79b-4039-4a8e-8ff6-fa890b8272d5
01-23 23:59:45 com_github_MitjaNemec_ReplicateLayout.replicate_layout 985:Src text UUid:778b429f-0b1d-401e-889c-4b5bfddee6b9
01-23 23:59:45 com_github_MitjaNemec_ReplicateLayout.replicate_layout 986:Dst text UUid:91b72fc5-e371-4e27-9e80-d03048e7d4f0
01-23 23:59:45 com_github_MitjaNemec_ReplicateLayout.replicate_layout 985:Src text UUid:37363ebe-f26c-42a7-ad75-737b9e5611f5
01-23 23:59:45 com_github_MitjaNemec_ReplicateLayout.replicate_layout 986:Dst text UUid:8f0324d0-d28d-4d0c-aada-8ec9e5c79b93
01-23 23:59:45 com_github_MitjaNemec_ReplicateLayout.replicate_layout 985:Src text UUid:91b8ea7e-7bbe-4c9b-91f9-54370e3f6c47
01-23 23:59:45 com_github_MitjaNemec_ReplicateLayout.replicate_layout 986:Dst text UUid:41d16cec-a0c4-4823-8cbd-1a7e4beb2007
01-23 23:59:45 com_github_MitjaNemec_ReplicateLayout.replicate_layout 985:Src text UUid:3058d57a-10b0-454c-a5a1-b5d323eed2c4
01-23 23:59:45 com_github_MitjaNemec_ReplicateLayout.replicate_layout 986:Dst text UUid:ad80c514-05a3-43f8-8a91-2dc3e4edff0e
01-23 23:59:45 com_github_MitjaNemec_ReplicateLayout.replicate_layout 985:Src text UUid:e6ccc6fc-241f-49f7-98c0-b41ffb9e9a6d
01-23 23:59:45 com_github_MitjaNemec_ReplicateLayout.replicate_layout 986:Dst text UUid:63ee4972-4e10-444c-bae1-a981a774f838
01-23 23:59:45 com_github_MitjaNemec_ReplicateLayout.replicate_layout 985:Src text UUid:b55e8e4a-ebac-40ed-9b02-9f91abea1a17
01-23 23:59:45 com_github_MitjaNemec_ReplicateLayout.replicate_layout 986:Dst text UUid:c125917d-3776-4a29-8896-a0e49238e6ac
01-23 23:59:45 com_github_MitjaNemec_ReplicateLayout.replicate_layout 985:Src text UUid:b35b792d-5f22-473e-b1b9-1561370e5ac6
01-23 23:59:45 com_github_MitjaNemec_ReplicateLayout.replicate_layout 986:Dst text UUid:a4de4657-0bf0-49bd-886c-c93684df909d
01-23 23:59:45 com_github_MitjaNemec_ReplicateLayout.replicate_layout 985:Src text UUid:d7c58d91-cc05-4bd2-b11a-4fcaf401f97f
01-23 23:59:45 com_github_MitjaNemec_ReplicateLayout.replicate_layout 986:Dst text UUid:660ab66a-9af2-4922-8fcd-b4d7a30142e3
01-23 23:59:45 com_github_MitjaNemec_ReplicateLayout.replicate_layout 985:Src text UUid:3f8b82c6-ae2f-4e50-9606-579be381ba5a
01-23 23:59:45 com_github_MitjaNemec_ReplicateLayout.replicate_layout 986:Dst text UUid:719014e0-dc49-45bf-aa70-cda037c39dd3
01-23 23:59:45 com_github_MitjaNemec_ReplicateLayout.replicate_layout 985:Src text UUid:f51d1552-1d78-4ec5-b457-465260f661df
01-23 23:59:45 com_github_MitjaNemec_ReplicateLayout.replicate_layout 986:Dst text UUid:b1bece7c-4acc-4e33-9582-c9115516e136
01-23 23:59:45 com_github_MitjaNemec_ReplicateLayout.replicate_layout 985:Src text UUid:a411e638-6327-4b5f-a0e2-fbd229ee3bb6
01-23 23:59:45 com_github_MitjaNemec_ReplicateLayout.replicate_layout 986:Dst text UUid:06f640bb-87a6-45e1-9860-5be53cef8b87
01-23 23:59:45 com_github_MitjaNemec_ReplicateLayout.replicate_layout 985:Src text UUid:5d94983c-5ffb-4d4f-b2a9-7a7cc8d66d0f
01-23 23:59:45 com_github_MitjaNemec_ReplicateLayout.replicate_layout 986:Dst text UUid:a8e74fc4-ef40-4cd4-9b4c-f461ddca5a3e
01-23 23:59:45 com_github_MitjaNemec_ReplicateLayout.replicate_layout 985:Src text UUid:13f4e66f-3f8b-4786-8ad0-5b258adce5c2
01-23 23:59:45 com_github_MitjaNemec_ReplicateLayout.replicate_layout 986:Dst text UUid:4459344c-6562-49a2-853d-3056e306894d
01-23 23:59:45 com_github_MitjaNemec_ReplicateLayout.replicate_layout 985:Src text UUid:4784595e-cd2d-4e4d-b286-386af936bc1b
01-23 23:59:45 com_github_MitjaNemec_ReplicateLayout.replicate_layout 986:Dst text UUid:97b2c4f6-04d0-40c0-aed5-d1def9a933b7
01-23 23:59:45 com_github_MitjaNemec_ReplicateLayout.replicate_layout 985:Src text UUid:d8ed3791-cbb6-4955-99fd-8708f0f4eb92
01-23 23:59:45 com_github_MitjaNemec_ReplicateLayout.replicate_layout 986:Dst text UUid:d0643403-8683-4fa6-8d52-554cca47ddd1
01-23 23:59:45 com_github_MitjaNemec_ReplicateLayout.replicate_layout 985:Src text UUid:f95b38ff-a112-4b49-b770-41dbefefa9fe
01-23 23:59:45 com_github_MitjaNemec_ReplicateLayout.replicate_layout 986:Dst text UUid:ceffd007-7c5c-4755-8a1d-6a71b2b291d1
01-23 23:59:45 com_github_MitjaNemec_ReplicateLayout.replicate_layout 985:Src text UUid:43c37c19-6391-4b9a-a6d8-f0ec4148f8fd
01-23 23:59:45 com_github_MitjaNemec_ReplicateLayout.replicate_layout 986:Dst text UUid:a5f75be0-e1f4-47b6-bef3-d8acf91c5a14
01-23 23:59:45 com_github_MitjaNemec_ReplicateLayout.replicate_layout 985:Src text UUid:d37705d5-f6ba-48b5-a626-9c94a792b06b
01-23 23:59:45 com_github_MitjaNemec_ReplicateLayout.replicate_layout 986:Dst text UUid:cac2c241-0303-40c2-af09-7b911de86845
01-23 23:59:45 com_github_MitjaNemec_ReplicateLayout.replicate_layout 985:Src text UUid:4fa4592b-c872-4fba-b0f0-3100b4e9b746
01-23 23:59:45 com_github_MitjaNemec_ReplicateLayout.replicate_layout 986:Dst text UUid:7e33401c-af03-4a11-9449-9fb5fbd01a2c
01-23 23:59:45 com_github_MitjaNemec_ReplicateLayout.replicate_layout 985:Src text UUid:bc7e487c-e1b8-4e69-b8d3-1da6e87c376e
01-23 23:59:45 com_github_MitjaNemec_ReplicateLayout.replicate_layout 986:Dst text UUid:ca145026-4e4e-435a-8fbe-496fe7826742
01-23 23:59:45 com_github_MitjaNemec_ReplicateLayout.replicate_layout 985:Src text UUid:442e73a3-8f8d-434f-b104-7b18eea73b10
01-23 23:59:45 com_github_MitjaNemec_ReplicateLayout.replicate_layout 986:Dst text UUid:9c5bb1cd-15c3-4671-b3c7-d0ae4845fd45
01-23 23:59:45 com_github_MitjaNemec_ReplicateLayout.replicate_layout 985:Src text UUid:b46519e9-628a-46fd-ac2f-de0e7f78cdba
01-23 23:59:45 com_github_MitjaNemec_ReplicateLayout.replicate_layout 986:Dst text UUid:43e37f41-39bc-4ac4-be6e-3e6e283cb5b4
01-23 23:59:45 com_github_MitjaNemec_ReplicateLayout.replicate_layout 985:Src text UUid:5a90394d-a204-43b0-bf32-9661755ea8e1
01-23 23:59:45 com_github_MitjaNemec_ReplicateLayout.replicate_layout 986:Dst text UUid:5931bb50-27e0-437a-bed1-2bbd560c8db3
01-23 23:59:45 com_github_MitjaNemec_ReplicateLayout.replicate_layout 985:Src text UUid:5017ec28-493d-40d3-b42e-4b12f48a9f0e
01-23 23:59:45 com_github_MitjaNemec_ReplicateLayout.replicate_layout 986:Dst text UUid:da227b30-ab25-490f-81f4-437ec04c968e
01-23 23:59:45 com_github_MitjaNemec_ReplicateLayout.replicate_layout 985:Src text UUid:cfd82f6f-8aad-4f74-847e-efac806a1aa1
01-23 23:59:45 com_github_MitjaNemec_ReplicateLayout.replicate_layout 986:Dst text UUid:eec61117-6e3b-4eca-8ae1-35b24b1f473c
01-23 23:59:45 com_github_MitjaNemec_ReplicateLayout.replicate_layout 985:Src text UUid:66c74398-378a-4f19-b1e5-342a9a6e8ebc
01-23 23:59:45 com_github_MitjaNemec_ReplicateLayout.replicate_layout 986:Dst text UUid:37df9a96-6f8c-4380-ac06-a508b5b0d6c8
01-23 23:59:45 com_github_MitjaNemec_ReplicateLayout.replicate_layout 985:Src text UUid:2fc17bb9-8361-4e32-aad6-b2e988b03e64
01-23 23:59:45 com_github_MitjaNemec_ReplicateLayout.replicate_layout 986:Dst text UUid:eadf45b7-ff5c-4c63-943a-f964d6c7fa9d
01-23 23:59:45 com_github_MitjaNemec_ReplicateLayout.replicate_layout 985:Src text UUid:e9b09cf0-c9fe-4a71-9e91-f289d5e7e997
01-23 23:59:45 com_github_MitjaNemec_ReplicateLayout.replicate_layout 986:Dst text UUid:b88acf3e-cf4e-4b83-81b1-2cbfa894d177
01-23 23:59:45 com_github_MitjaNemec_ReplicateLayout.replicate_layout 985:Src text UUid:06e1103e-6652-4335-bb06-e66fcadd0462
01-23 23:59:45 com_github_MitjaNemec_ReplicateLayout.replicate_layout 986:Dst text UUid:e62ee793-2f6b-4c6c-9cc1-96c464b488d1
01-23 23:59:45 com_github_MitjaNemec_ReplicateLayout.replicate_layout 985:Src text UUid:aa18d005-a18f-4755-85d1-38f44a767518
01-23 23:59:45 com_github_MitjaNemec_ReplicateLayout.replicate_layout 986:Dst text UUid:790037ca-8361-4f6b-b51e-48512c5a6851
01-23 23:59:45 root 332:updating GUI message: 'Replicating tracks'
01-23 23:59:45 com_github_MitjaNemec_ReplicateLayout.replicate_layout 1009:Replicating tracks
01-23 23:59:45 root 337:updating GUI with: 0
01-23 23:59:45 com_github_MitjaNemec_ReplicateLayout.replicate_layout 1015:Replicating tracks on sheet ['Half-Bridge V']
01-23 23:59:45 com_github_MitjaNemec_ReplicateLayout.replicate_layout 792:Net pairs for sheet ['Half-Bridge V'] :[('Net-(U3-HO)', 'Net-(U5-HO)'), ('/PHASE_U', '/PHASE_V'), ('Net-(Q1-G)', 'Net-(Q3-G)'), ('Net-(D1-K)', 'Net-(D4-K)'), ('Net-(Q2-G)', 'Net-(Q4-G)'), ('GND', 'GND'), ('VBUS', 'VBUS'), ('Net-(U3-LO)', 'Net-(U5-LO)'), ('Net-(Q2-S-Pad4)', 'Net-(Q4-S-Pad4)')]
01-23 23:59:45 com_github_MitjaNemec_ReplicateLayout.replicate_layout 1015:Replicating tracks on sheet ['Half-Bridge W']
01-23 23:59:45 com_github_MitjaNemec_ReplicateLayout.replicate_layout 792:Net pairs for sheet ['Half-Bridge W'] :[('Net-(Q2-G)', 'Net-(Q6-G)'), ('Net-(Q1-G)', 'Net-(Q5-G)'), ('Net-(U3-HO)', 'Net-(U7-HO)'), ('/PHASE_U', '/PHASE_W'), ('Net-(Q2-S-Pad4)', 'Net-(Q6-S-Pad4)'), ('GND', 'GND'), ('VBUS', 'VBUS'), ('Net-(D1-K)', 'Net-(D7-K)'), ('Net-(U3-LO)', 'Net-(U7-LO)')]
01-23 23:59:45 root 332:updating GUI message: 'Replicating zones'
01-23 23:59:45 com_github_MitjaNemec_ReplicateLayout.replicate_layout 1079:Replicating zones
01-23 23:59:45 root 337:updating GUI with: 0
01-23 23:59:45 com_github_MitjaNemec_ReplicateLayout.replicate_layout 1086:Replicating zones on sheet ['Half-Bridge V']
01-23 23:59:45 com_github_MitjaNemec_ReplicateLayout.replicate_layout 792:Net pairs for sheet ['Half-Bridge V'] :[('Net-(U3-HO)', 'Net-(U5-HO)'), ('/PHASE_U', '/PHASE_V'), ('Net-(Q1-G)', 'Net-(Q3-G)'), ('Net-(D1-K)', 'Net-(D4-K)'), ('Net-(Q2-G)', 'Net-(Q4-G)'), ('GND', 'GND'), ('VBUS', 'VBUS'), ('Net-(U3-LO)', 'Net-(U5-LO)'), ('Net-(Q2-S-Pad4)', 'Net-(Q4-S-Pad4)')]
01-23 23:59:45 com_github_MitjaNemec_ReplicateLayout.replicate_layout 1086:Replicating zones on sheet ['Half-Bridge W']
01-23 23:59:45 com_github_MitjaNemec_ReplicateLayout.replicate_layout 792:Net pairs for sheet ['Half-Bridge W'] :[('Net-(Q2-G)', 'Net-(Q6-G)'), ('Net-(Q1-G)', 'Net-(Q5-G)'), ('Net-(U3-HO)', 'Net-(U7-HO)'), ('/PHASE_U', '/PHASE_W'), ('Net-(Q2-S-Pad4)', 'Net-(Q6-S-Pad4)'), ('GND', 'GND'), ('VBUS', 'VBUS'), ('Net-(D1-K)', 'Net-(D7-K)'), ('Net-(U3-LO)', 'Net-(U7-LO)')]
01-23 23:59:45 root 332:updating GUI message: 'Replicating text'
01-23 23:59:45 com_github_MitjaNemec_ReplicateLayout.replicate_layout 1168:Replicating text
01-23 23:59:45 com_github_MitjaNemec_ReplicateLayout.replicate_layout 1175:Replicating text on sheet ['Half-Bridge V']
01-23 23:59:45 com_github_MitjaNemec_ReplicateLayout.replicate_layout 1175:Replicating text on sheet ['Half-Bridge W']
01-23 23:59:45 root 332:updating GUI message: 'Replicating drawings'
01-23 23:59:45 com_github_MitjaNemec_ReplicateLayout.replicate_layout 1219:Replicating drawings
01-23 23:59:45 com_github_MitjaNemec_ReplicateLayout.replicate_layout 1225:Replicating drawings on sheet ['Half-Bridge V']
01-23 23:59:45 com_github_MitjaNemec_ReplicateLayout.replicate_layout 1225:Replicating drawings on sheet ['Half-Bridge W']
01-23 23:59:45 com_github_MitjaNemec_ReplicateLayout.action_replicate_layout 256:Replication complete
